c:\users\nickw\desktop\retroarch new\retroarch\pkg\msvc-uwp\retroarch-msvc2019-uwp\x64\releaseangle\vc142.pdb
c:\users\nickw\desktop\retroarch new\retroarch\pkg\msvc-uwp\retroarch-msvc2019-uwp\x64\releaseangle\griffin.obj
c:\users\nickw\desktop\retroarch new\retroarch\pkg\msvc-uwp\retroarch-msvc2019-uwp\x64\releaseangle\griffin_cpp.obj
c:\users\nickw\desktop\retroarch new\retroarch\pkg\msvc-uwp\retroarch-msvc2019-uwp\x64\releaseangle\griffin_glslang.obj
c:\users\nickw\desktop\retroarch new\retroarch\pkg\msvc-uwp\retroarch-msvc2019-uwp\x64\releaseangle\uwp_main.obj
c:\users\nickw\desktop\retroarch new\retroarch\pkg\msvc-uwp\retroarch-msvc2019-uwp\x64\releaseangle\vfs_implementation_uwp.obj
c:\users\nickw\desktop\retroarch new\retroarch\pkg\msvc-uwp\x64\releaseangle\retroarch-msvc2019-uwp\retroarch-msvc2019-uwp.exe
c:\users\nickw\desktop\retroarch new\retroarch\pkg\msvc-uwp\retroarch-msvc2019-uwp\x64\releaseangle\retroarch-msvc2019-uwp.ipdb
c:\users\nickw\desktop\retroarch new\retroarch\pkg\msvc-uwp\retroarch-msvc2019-uwp\x64\releaseangle\retroarch-msvc2019-uwp.iobj
c:\users\nickw\desktop\retroarch new\retroarch\pkg\msvc-uwp\x64\releaseangle\retroarch-msvc2019-uwp\retroarchuwp.winmd
c:\users\nickw\desktop\retroarch new\retroarch\pkg\msvc-uwp\x64\releaseangle\retroarch-msvc2019-uwp\retroarch-msvc2019-uwp.pdb
c:\users\nickw\desktop\retroarch new\retroarch\pkg\msvc-uwp\retroarch-msvc2019-uwp\x64\releaseangle\retroarch-msvc2019-uwp.vcxprojassemblyreference.cache
c:\users\nickw\desktop\retroarch new\retroarch\pkg\msvc-uwp\retroarch-msvc2019-uwp\x64\releaseangle\resourcehandlingtask.state
c:\users\nickw\desktop\retroarch new\retroarch\pkg\msvc-uwp\retroarch-msvc2019-uwp\x64\releaseangle\priconfig.xml
c:\users\nickw\desktop\retroarch new\retroarch\pkg\msvc-uwp\retroarch-msvc2019-uwp\x64\releaseangle\priconfig.xml.intermediate
c:\users\nickw\desktop\retroarch new\retroarch\pkg\msvc-uwp\retroarch-msvc2019-uwp\x64\releaseangle\unfiltered.layout.resfiles
c:\users\nickw\desktop\retroarch new\retroarch\pkg\msvc-uwp\retroarch-msvc2019-uwp\x64\releaseangle\unfiltered.layout.resfiles.intermediate
c:\users\nickw\desktop\retroarch new\retroarch\pkg\msvc-uwp\retroarch-msvc2019-uwp\x64\releaseangle\filtered.layout.resfiles
c:\users\nickw\desktop\retroarch new\retroarch\pkg\msvc-uwp\retroarch-msvc2019-uwp\x64\releaseangle\filtered.layout.resfiles.intermediate
c:\users\nickw\desktop\retroarch new\retroarch\pkg\msvc-uwp\retroarch-msvc2019-uwp\x64\releaseangle\excluded.layout.resfiles
c:\users\nickw\desktop\retroarch new\retroarch\pkg\msvc-uwp\retroarch-msvc2019-uwp\x64\releaseangle\excluded.layout.resfiles.intermediate
c:\users\nickw\desktop\retroarch new\retroarch\pkg\msvc-uwp\retroarch-msvc2019-uwp\x64\releaseangle\resources.resfiles
c:\users\nickw\desktop\retroarch new\retroarch\pkg\msvc-uwp\retroarch-msvc2019-uwp\x64\releaseangle\resources.resfiles.intermediate
c:\users\nickw\desktop\retroarch new\retroarch\pkg\msvc-uwp\retroarch-msvc2019-uwp\x64\releaseangle\pri.resfiles
c:\users\nickw\desktop\retroarch new\retroarch\pkg\msvc-uwp\retroarch-msvc2019-uwp\x64\releaseangle\pri.resfiles.intermediate
c:\users\nickw\desktop\retroarch new\retroarch\pkg\msvc-uwp\x64\releaseangle\retroarch-msvc2019-uwp\resources.pri
c:\users\nickw\desktop\retroarch new\retroarch\pkg\msvc-uwp\retroarch-msvc2019-uwp\x64\releaseangle\qualifiers.txt
c:\users\nickw\desktop\retroarch new\retroarch\pkg\msvc-uwp\retroarch-msvc2019-uwp\x64\releaseangle\qualifiers.txt.intermediate
c:\users\nickw\desktop\retroarch new\retroarch\pkg\msvc-uwp\retroarch-msvc2019-uwp\x64\releaseangle\multiplequalifiersperdimensionfound.txt
c:\users\nickw\desktop\retroarch new\retroarch\pkg\msvc-uwp\retroarch-msvc2019-uwp\x64\releaseangle\projectarchitectures.txt
c:\users\nickw\desktop\retroarch new\retroarch\pkg\msvc-uwp\x64\releaseangle\retroarch-msvc2019-uwp\appxmanifest.xml
c:\users\nickw\desktop\retroarch new\retroarch\pkg\msvc-uwp\retroarch-msvc2019-uwp\x64\releaseangle\ilc\in\appxmanifest.xml
c:\users\nickw\desktop\retroarch new\retroarch\pkg\msvc-uwp\retroarch-msvc2019-uwp\x64\releaseangle\ilc\in\retroarch-msvc2019-uwp.pdb
c:\users\nickw\desktop\retroarch new\retroarch\pkg\msvc-uwp\retroarch-msvc2019-uwp\x64\releaseangle\ilc\in\retroarchuwp.winmd
c:\users\nickw\desktop\retroarch new\retroarch\pkg\msvc-uwp\retroarch-msvc2019-uwp\x64\releaseangle\ilc\in\resources.pri
c:\users\nickw\desktop\retroarch new\retroarch\pkg\msvc-uwp\retroarch-msvc2019-uwp\x64\releaseangle\ilc\in\retroarch-msvc2019-uwp.exe
c:\users\nickw\desktop\retroarch new\retroarch\pkg\msvc-uwp\retroarch-msvc2019-uwp\x64\releaseangle\ilc\in\assets\largetile.scale-100.png
c:\users\nickw\desktop\retroarch new\retroarch\pkg\msvc-uwp\retroarch-msvc2019-uwp\x64\releaseangle\ilc\in\assets\largetile.scale-200.png
c:\users\nickw\desktop\retroarch new\retroarch\pkg\msvc-uwp\retroarch-msvc2019-uwp\x64\releaseangle\ilc\in\assets\largetile.scale-400.png
c:\users\nickw\desktop\retroarch new\retroarch\pkg\msvc-uwp\retroarch-msvc2019-uwp\x64\releaseangle\ilc\in\assets\smalltile.scale-100.png
c:\users\nickw\desktop\retroarch new\retroarch\pkg\msvc-uwp\retroarch-msvc2019-uwp\x64\releaseangle\ilc\in\assets\smalltile.scale-200.png
c:\users\nickw\desktop\retroarch new\retroarch\pkg\msvc-uwp\retroarch-msvc2019-uwp\x64\releaseangle\ilc\in\assets\smalltile.scale-400.png
c:\users\nickw\desktop\retroarch new\retroarch\pkg\msvc-uwp\retroarch-msvc2019-uwp\x64\releaseangle\ilc\in\assets\splashscreen.scale-100.png
c:\users\nickw\desktop\retroarch new\retroarch\pkg\msvc-uwp\retroarch-msvc2019-uwp\x64\releaseangle\ilc\in\assets\splashscreen.scale-200.png
c:\users\nickw\desktop\retroarch new\retroarch\pkg\msvc-uwp\retroarch-msvc2019-uwp\x64\releaseangle\ilc\in\assets\splashscreen.scale-400.png
c:\users\nickw\desktop\retroarch new\retroarch\pkg\msvc-uwp\retroarch-msvc2019-uwp\x64\releaseangle\ilc\in\assets\square150x150logo.scale-100.png
c:\users\nickw\desktop\retroarch new\retroarch\pkg\msvc-uwp\retroarch-msvc2019-uwp\x64\releaseangle\ilc\in\assets\square150x150logo.scale-200.png
c:\users\nickw\desktop\retroarch new\retroarch\pkg\msvc-uwp\retroarch-msvc2019-uwp\x64\releaseangle\ilc\in\assets\square150x150logo.scale-400.png
c:\users\nickw\desktop\retroarch new\retroarch\pkg\msvc-uwp\retroarch-msvc2019-uwp\x64\releaseangle\ilc\in\assets\square44x44logo.altform-unplated_targetsize-16.png
c:\users\nickw\desktop\retroarch new\retroarch\pkg\msvc-uwp\retroarch-msvc2019-uwp\x64\releaseangle\ilc\in\assets\square44x44logo.altform-unplated_targetsize-256.png
c:\users\nickw\desktop\retroarch new\retroarch\pkg\msvc-uwp\retroarch-msvc2019-uwp\x64\releaseangle\ilc\in\assets\square44x44logo.altform-unplated_targetsize-48.png
c:\users\nickw\desktop\retroarch new\retroarch\pkg\msvc-uwp\retroarch-msvc2019-uwp\x64\releaseangle\ilc\in\assets\square44x44logo.scale-100.png
c:\users\nickw\desktop\retroarch new\retroarch\pkg\msvc-uwp\retroarch-msvc2019-uwp\x64\releaseangle\ilc\in\assets\square44x44logo.scale-200.png
c:\users\nickw\desktop\retroarch new\retroarch\pkg\msvc-uwp\retroarch-msvc2019-uwp\x64\releaseangle\ilc\in\assets\square44x44logo.scale-400.png
c:\users\nickw\desktop\retroarch new\retroarch\pkg\msvc-uwp\retroarch-msvc2019-uwp\x64\releaseangle\ilc\in\assets\square44x44logo.targetsize-16.png
c:\users\nickw\desktop\retroarch new\retroarch\pkg\msvc-uwp\retroarch-msvc2019-uwp\x64\releaseangle\ilc\in\assets\square44x44logo.targetsize-256.png
c:\users\nickw\desktop\retroarch new\retroarch\pkg\msvc-uwp\retroarch-msvc2019-uwp\x64\releaseangle\ilc\in\assets\square44x44logo.targetsize-48.png
c:\users\nickw\desktop\retroarch new\retroarch\pkg\msvc-uwp\retroarch-msvc2019-uwp\x64\releaseangle\ilc\in\assets\storelogo.scale-100.png
c:\users\nickw\desktop\retroarch new\retroarch\pkg\msvc-uwp\retroarch-msvc2019-uwp\x64\releaseangle\ilc\in\assets\storelogo.scale-200.png
c:\users\nickw\desktop\retroarch new\retroarch\pkg\msvc-uwp\retroarch-msvc2019-uwp\x64\releaseangle\ilc\in\assets\storelogo.scale-400.png
c:\users\nickw\desktop\retroarch new\retroarch\pkg\msvc-uwp\retroarch-msvc2019-uwp\x64\releaseangle\ilc\in\assets\wide310x150logo.scale-100.png
c:\users\nickw\desktop\retroarch new\retroarch\pkg\msvc-uwp\retroarch-msvc2019-uwp\x64\releaseangle\ilc\in\assets\wide310x150logo.scale-200.png
c:\users\nickw\desktop\retroarch new\retroarch\pkg\msvc-uwp\retroarch-msvc2019-uwp\x64\releaseangle\ilc\in\assets\wide310x150logo.scale-400.png
c:\users\nickw\desktop\retroarch new\retroarch\pkg\msvc-uwp\retroarch-msvc2019-uwp\x64\releaseangle\ilc.retroarch-msvc2019-uwp.rsp
c:\users\nickw\desktop\retroarch new\retroarch\pkg\msvc-uwp\x64\releaseangle\retroarch-msvc2019-uwp\ilc\assets\largetile.scale-100.png
c:\users\nickw\desktop\retroarch new\retroarch\pkg\msvc-uwp\x64\releaseangle\retroarch-msvc2019-uwp\ilc\assets\largetile.scale-200.png
c:\users\nickw\desktop\retroarch new\retroarch\pkg\msvc-uwp\x64\releaseangle\retroarch-msvc2019-uwp\ilc\assets\largetile.scale-400.png
c:\users\nickw\desktop\retroarch new\retroarch\pkg\msvc-uwp\x64\releaseangle\retroarch-msvc2019-uwp\ilc\assets\smalltile.scale-100.png
c:\users\nickw\desktop\retroarch new\retroarch\pkg\msvc-uwp\x64\releaseangle\retroarch-msvc2019-uwp\ilc\assets\smalltile.scale-200.png
c:\users\nickw\desktop\retroarch new\retroarch\pkg\msvc-uwp\x64\releaseangle\retroarch-msvc2019-uwp\ilc\assets\smalltile.scale-400.png
c:\users\nickw\desktop\retroarch new\retroarch\pkg\msvc-uwp\x64\releaseangle\retroarch-msvc2019-uwp\ilc\assets\splashscreen.scale-100.png
c:\users\nickw\desktop\retroarch new\retroarch\pkg\msvc-uwp\x64\releaseangle\retroarch-msvc2019-uwp\ilc\assets\splashscreen.scale-200.png
c:\users\nickw\desktop\retroarch new\retroarch\pkg\msvc-uwp\x64\releaseangle\retroarch-msvc2019-uwp\ilc\assets\splashscreen.scale-400.png
c:\users\nickw\desktop\retroarch new\retroarch\pkg\msvc-uwp\x64\releaseangle\retroarch-msvc2019-uwp\ilc\assets\square150x150logo.scale-100.png
c:\users\nickw\desktop\retroarch new\retroarch\pkg\msvc-uwp\x64\releaseangle\retroarch-msvc2019-uwp\ilc\assets\square150x150logo.scale-200.png
c:\users\nickw\desktop\retroarch new\retroarch\pkg\msvc-uwp\x64\releaseangle\retroarch-msvc2019-uwp\ilc\assets\square150x150logo.scale-400.png
c:\users\nickw\desktop\retroarch new\retroarch\pkg\msvc-uwp\x64\releaseangle\retroarch-msvc2019-uwp\ilc\assets\square44x44logo.altform-unplated_targetsize-16.png
c:\users\nickw\desktop\retroarch new\retroarch\pkg\msvc-uwp\x64\releaseangle\retroarch-msvc2019-uwp\ilc\assets\square44x44logo.altform-unplated_targetsize-256.png
c:\users\nickw\desktop\retroarch new\retroarch\pkg\msvc-uwp\x64\releaseangle\retroarch-msvc2019-uwp\ilc\assets\square44x44logo.altform-unplated_targetsize-48.png
c:\users\nickw\desktop\retroarch new\retroarch\pkg\msvc-uwp\x64\releaseangle\retroarch-msvc2019-uwp\ilc\assets\square44x44logo.scale-100.png
c:\users\nickw\desktop\retroarch new\retroarch\pkg\msvc-uwp\x64\releaseangle\retroarch-msvc2019-uwp\ilc\assets\square44x44logo.scale-200.png
c:\users\nickw\desktop\retroarch new\retroarch\pkg\msvc-uwp\x64\releaseangle\retroarch-msvc2019-uwp\ilc\assets\square44x44logo.scale-400.png
c:\users\nickw\desktop\retroarch new\retroarch\pkg\msvc-uwp\x64\releaseangle\retroarch-msvc2019-uwp\ilc\assets\square44x44logo.targetsize-16.png
c:\users\nickw\desktop\retroarch new\retroarch\pkg\msvc-uwp\x64\releaseangle\retroarch-msvc2019-uwp\ilc\assets\square44x44logo.targetsize-256.png
c:\users\nickw\desktop\retroarch new\retroarch\pkg\msvc-uwp\x64\releaseangle\retroarch-msvc2019-uwp\ilc\assets\square44x44logo.targetsize-48.png
c:\users\nickw\desktop\retroarch new\retroarch\pkg\msvc-uwp\x64\releaseangle\retroarch-msvc2019-uwp\ilc\assets\storelogo.scale-100.png
c:\users\nickw\desktop\retroarch new\retroarch\pkg\msvc-uwp\x64\releaseangle\retroarch-msvc2019-uwp\ilc\assets\storelogo.scale-200.png
c:\users\nickw\desktop\retroarch new\retroarch\pkg\msvc-uwp\x64\releaseangle\retroarch-msvc2019-uwp\ilc\assets\storelogo.scale-400.png
c:\users\nickw\desktop\retroarch new\retroarch\pkg\msvc-uwp\x64\releaseangle\retroarch-msvc2019-uwp\ilc\assets\wide310x150logo.scale-100.png
c:\users\nickw\desktop\retroarch new\retroarch\pkg\msvc-uwp\x64\releaseangle\retroarch-msvc2019-uwp\ilc\assets\wide310x150logo.scale-200.png
c:\users\nickw\desktop\retroarch new\retroarch\pkg\msvc-uwp\x64\releaseangle\retroarch-msvc2019-uwp\ilc\assets\wide310x150logo.scale-400.png
c:\users\nickw\desktop\retroarch new\retroarch\pkg\msvc-uwp\x64\releaseangle\retroarch-msvc2019-uwp\ilc\resources.pri
c:\users\nickw\desktop\retroarch new\retroarch\pkg\msvc-uwp\x64\releaseangle\retroarch-msvc2019-uwp\ilc\retroarch-msvc2019-uwp.exe
c:\users\nickw\desktop\retroarch new\retroarch\pkg\msvc-uwp\x64\releaseangle\retroarch-msvc2019-uwp\ilc\retroarch-msvc2019-uwp.pdb
c:\users\nickw\desktop\retroarch new\retroarch\pkg\msvc-uwp\x64\releaseangle\retroarch-msvc2019-uwp\ilc\retroarchuwp.winmd
c:\users\nickw\desktop\retroarch new\retroarch\pkg\msvc-uwp\x64\releaseangle\retroarch-msvc2019-uwp\retroarch-msvc2019-uwp.build.appxrecipe
c:\users\nickw\desktop\retroarch new\retroarch\pkg\msvc-uwp\retroarch-msvc2019-uwp\x64\releaseangle\retroarc.f5e937b6.tlog\cl.command.1.tlog
c:\users\nickw\desktop\retroarch new\retroarch\pkg\msvc-uwp\retroarch-msvc2019-uwp\x64\releaseangle\retroarc.f5e937b6.tlog\cl.read.1.tlog
c:\users\nickw\desktop\retroarch new\retroarch\pkg\msvc-uwp\retroarch-msvc2019-uwp\x64\releaseangle\retroarc.f5e937b6.tlog\cl.write.1.tlog
c:\users\nickw\desktop\retroarch new\retroarch\pkg\msvc-uwp\retroarch-msvc2019-uwp\x64\releaseangle\retroarc.f5e937b6.tlog\link.command.1.tlog
c:\users\nickw\desktop\retroarch new\retroarch\pkg\msvc-uwp\retroarch-msvc2019-uwp\x64\releaseangle\retroarc.f5e937b6.tlog\link.read.1.tlog
c:\users\nickw\desktop\retroarch new\retroarch\pkg\msvc-uwp\retroarch-msvc2019-uwp\x64\releaseangle\retroarc.f5e937b6.tlog\link.write.1.tlog
c:\users\nickw\desktop\retroarch new\retroarch\pkg\msvc-uwp\retroarch-msvc2019-uwp\x64\releaseangle\retroarc.f5e937b6.tlog\retroarch-msvc2019-uwp.read.1u.tlog
c:\users\nickw\desktop\retroarch new\retroarch\pkg\msvc-uwp\retroarch-msvc2019-uwp\x64\releaseangle\retroarc.f5e937b6.tlog\retroarch-msvc2019-uwp.write.1u.tlog
